======================================================================
📊 WORLD BANK DEMOGRAPHIC & DEVELOPMENT INDICATORS
======================================================================
Fetching latest data (2020-2024) for all countries
Indicators: Population, GDP, GNI, Poverty, Health, Education
======================================================================

Processing 211 countries...

[1/211] Afghanistan (AF)
  ✅ 12 indicators found
     Population: 42.6M (2024)
     GDP/capita: $414 (2023)
[2/211] Albania (AL)
  ✅ 13 indicators found
     Population: 2.7M (2024)
     GDP/capita: $10012 (2024)
     Poverty: 0.3% (2020)
[3/211] Algeria (DZ)
  ✅ 11 indicators found
     Population: 46.8M (2024)
     GDP/capita: $5631 (2024)
[4/211] American Samoa (AS)
  ✅ 5 indicators found
     Population: 0.0M (2024)
     GDP/capita: $18017 (2022)
[5/211] Andorra (AD)
  ✅ 10 indicators found
     Population: 0.1M (2024)
     GDP/capita: $49304 (2024)
[6/211] Angola (AO)
  ✅ 11 indicators found
     Population: 37.9M (2024)
     GDP/capita: $2122 (2024)
[7/211] Antigua and Barbuda (AG)
  ✅ 10 indicators found
     Population: 0.1M (2024)
     GDP/capita: $23726 (2024)
[8/211] Argentina (AR)
  ✅ 12 indicators found
     Population: 45.7M (2024)
     GDP/capita: $13858 (2024)
     Poverty: 1.0% (2024)
[9/211] Armenia (AM)
  ✅ 13 indicators found
     Population: 3.0M (2024)
     GDP/capita: $8501 (2024)
     Poverty: 1.9% (2023)
[10/211] Aruba (AW)
  ✅ 7 indicators found
     Population: 0.1M (2024)
     GDP/capita: $33985 (2023)
[11/211] Australia (AU)
  ✅ 12 indicators found
     Population: 27.2M (2024)
     GDP/capita: $64407 (2024)
     Poverty: 1.0% (2020)
[12/211] Austria (AT)
  ✅ 12 indicators found
     Population: 9.2M (2024)
     GDP/capita: $56833 (2024)
     Poverty: 0.5% (2023)
[13/211] Azerbaijan (AZ)
  ✅ 12 indicators found
     Population: 10.2M (2024)
     GDP/capita: $7284 (2024)
[14/211] Bahamas, The (BS)
  ✅ 10 indicators found
     Population: 0.4M (2024)
     GDP/capita: $39455 (2024)
[15/211] Bahrain (BH)
  ✅ 12 indicators found
     Population: 1.6M (2024)
     GDP/capita: $30048 (2024)
[16/211] Bangladesh (BD)
  ✅ 13 indicators found
     Population: 173.6M (2024)
     GDP/capita: $2593 (2024)
     Poverty: 5.9% (2022)
[17/211] Barbados (BB)
  ✅ 11 indicators found
     Population: 0.3M (2024)
     GDP/capita: $25366 (2024)
[18/211] Belarus (BY)
  ✅ 12 indicators found
     Population: 9.1M (2024)
     GDP/capita: $8317 (2024)
     Poverty: 0.0% (2020)
[19/211] Belgium (BE)
  ✅ 12 indicators found
     Population: 11.9M (2024)
     GDP/capita: $55955 (2024)
     Poverty: 0.1% (2023)
[20/211] Belize (BZ)
  ✅ 12 indicators found
     Population: 0.4M (2024)
     GDP/capita: $8430 (2024)
[21/211] Benin (BJ)
  ✅ 12 indicators found
     GDP/capita: $1485 (2024)
     Poverty: 27.2% (2021)
[22/211] Bermuda (BM)
  ✅ 8 indicators found
     Population: 0.1M (2024)
     GDP/capita: $138935 (2024)
[23/211] Bhutan (BT)
  ✅ 13 indicators found
     Population: 0.8M (2024)
     GDP/capita: $3839 (2023)
     Poverty: 0.0% (2022)
[24/211] Bolivia (BO)
  ✅ 13 indicators found
     Population: 12.4M (2024)
     GDP/capita: $4001 (2024)
     Poverty: 2.8% (2023)
[25/211] Bosnia and Herzegovina (BA)
  ✅ 11 indicators found
     Population: 3.2M (2024)
     GDP/capita: $8957 (2024)
[26/211] Botswana (BW)
  ✅ 11 indicators found
     Population: 2.5M (2024)
     GDP/capita: $7695 (2024)
[27/211] Brazil (BR)
  ✅ 13 indicators found
     Population: 212.0M (2024)
     GDP/capita: $10280 (2024)
     Poverty: 3.8% (2023)
[28/211] British Virgin Islands (VG)
  ✅ 6 indicators found
     Population: 0.0M (2024)
[29/211] Brunei Darussalam (BN)
  ✅ 11 indicators found
     Population: 0.5M (2024)
     GDP/capita: $33418 (2024)
[30/211] Bulgaria (BG)
  ✅ 12 indicators found
     Population: 6.4M (2024)
     GDP/capita: $17412 (2024)
     Poverty: 1.0% (2023)
[31/211] Burkina Faso (BF)
  ✅ 13 indicators found
     Population: 23.5M (2024)
     GDP/capita: $987 (2024)
     Poverty: 42.1% (2021)
[32/211] Burundi (BI)
  ✅ 13 indicators found
     Population: 14.0M (2024)
     GDP/capita: $154 (2024)
     Poverty: 74.2% (2020)
[33/211] Cabo Verde (CV)
  ✅ 12 indicators found
     Population: 0.5M (2024)
     GDP/capita: $5273 (2024)
[34/211] Cambodia (KH)
  ✅ 12 indicators found
     Population: 17.6M (2024)
     GDP/capita: $2628 (2024)
[35/211] Cameroon (CM)
  ✅ 12 indicators found
     Population: 29.1M (2024)
     GDP/capita: $1762 (2024)
     Poverty: 26.7% (2021)
[36/211] Canada (CA)
  ✅ 12 indicators found
     Population: 41.3M (2024)
     GDP/capita: $54283 (2024)
     Poverty: 0.2% (2021)
[37/211] Cayman Islands (KY)
  ✅ 8 indicators found
     Population: 0.1M (2024)
     GDP/capita: $97750 (2023)
[38/211] Central African Republic (CF)
  ✅ 11 indicators found
     Population: 5.3M (2024)
     GDP/capita: $516 (2024)
     Poverty: 71.6% (2021)
[39/211] Chad (TD)
  ✅ 12 indicators found
     Population: 20.3M (2024)
     GDP/capita: $1016 (2024)
     Poverty: 39.5% (2022)
[40/211] Chile (CL)
  ✅ 12 indicators found
     Population: 19.8M (2024)
     GDP/capita: $16710 (2024)
     Poverty: 0.5% (2022)
[41/211] China (CN)
  ✅ 13 indicators found
     Population: 1409.0M (2024)
     GDP/capita: $13303 (2024)
     Poverty: 0.0% (2022)
[42/211] Colombia (CO)
  ✅ 13 indicators found
     Population: 52.9M (2024)
     GDP/capita: $7914 (2024)
     Poverty: 7.7% (2023)
[43/211] Comoros (KM)
  ✅ 11 indicators found
     Population: 0.9M (2024)
     GDP/capita: $1784 (2024)
[44/211] Congo, Dem. Rep. (CD)
  ✅ 13 indicators found
     Population: 109.3M (2024)
     GDP/capita: $647 (2024)
     Poverty: 85.3% (2020)
[45/211] Congo, Rep. (CG)
  ✅ 11 indicators found
     Population: 6.3M (2024)
     GDP/capita: $2482 (2024)
[46/211] Costa Rica (CR)
  ✅ 12 indicators found
     Population: 5.1M (2024)
     GDP/capita: $18587 (2024)
     Poverty: 1.3% (2024)
[47/211] Cote d'Ivoire (CI)
  ✅ 13 indicators found
     Population: 31.9M (2024)
     GDP/capita: $2710 (2024)
     Poverty: 20.9% (2021)
[48/211] Croatia (HR)
  ✅ 11 indicators found
     Population: 3.9M (2024)
     GDP/capita: $23931 (2024)
     Poverty: 0.3% (2023)
[49/211] Cuba (CU)
  ✅ 9 indicators found
     Population: 11.0M (2024)
     GDP/capita: $9605 (2020)
[50/211] Curacao (CW)
  ✅ 7 indicators found
     Population: 0.2M (2024)
     GDP/capita: $21062 (2023)
[51/211] Cyprus (CY)
  ✅ 12 indicators found
     Population: 1.4M (2024)
     GDP/capita: $38654 (2024)
     Poverty: 0.0% (2023)
[52/211] Czechia (CZ)
  ✅ 12 indicators found
     Population: 10.9M (2024)
     GDP/capita: $31707 (2024)
     Poverty: 0.0% (2023)
[53/211] Denmark (DK)
  ✅ 12 indicators found
     Population: 6.0M (2024)
     GDP/capita: $71852 (2024)
     Poverty: 0.4% (2023)
[54/211] Djibouti (DJ)
  ✅ 11 indicators found
     Population: 1.2M (2024)
     GDP/capita: $3496 (2024)
[55/211] Dominica (DM)
  ✅ 9 indicators found
     Population: 0.1M (2024)
     GDP/capita: $10405 (2024)
[56/211] Dominican Republic (DO)
  ✅ 13 indicators found
     Population: 11.4M (2024)
     GDP/capita: $10876 (2024)
     Poverty: 0.8% (2024)
[57/211] Ecuador (EC)
  ✅ 13 indicators found
     Population: 18.1M (2024)
     GDP/capita: $6875 (2024)
     Poverty: 7.3% (2024)
[58/211] Egypt, Arab Rep. (EG)
  ✅ 13 indicators found
     Population: 116.5M (2024)
     GDP/capita: $3338 (2024)
     Poverty: 1.4% (2021)
[59/211] El Salvador (SV)
  ✅ 13 indicators found
     Population: 6.3M (2024)
     GDP/capita: $5580 (2024)
     Poverty: 4.6% (2023)
[60/211] Equatorial Guinea (GQ)
  ✅ 11 indicators found
     Population: 1.9M (2024)
     GDP/capita: $6745 (2024)
     Poverty: 8.8% (2022)
[61/211] Eritrea (ER)
  ✅ 6 indicators found
     Population: 3.5M (2024)
[62/211] Estonia (EE)
  ✅ 12 indicators found
     Population: 1.4M (2024)
     GDP/capita: $31170 (2024)
     Poverty: 0.3% (2023)
[63/211] Eswatini (SZ)
  ✅ 12 indicators found
     Population: 1.2M (2024)
     GDP/capita: $3936 (2024)
[64/211] Ethiopia (ET)
  ✅ 13 indicators found
     Population: 132.1M (2024)
     GDP/capita: $1011 (2022)
     Poverty: 38.6% (2021)
[65/211] Faroe Islands (FO)
  ✅ 8 indicators found
     Population: 0.1M (2024)
     GDP/capita: $71774 (2023)
[66/211] Fiji (FJ)
  ✅ 11 indicators found
     Population: 0.9M (2024)
     GDP/capita: $6288 (2024)
[67/211] Finland (FI)
  ✅ 12 indicators found
     Population: 5.6M (2024)
     GDP/capita: $53189 (2024)
     Poverty: 0.2% (2023)
[68/211] France (FR)
  ✅ 12 indicators found
     Population: 68.5M (2024)
     GDP/capita: $46150 (2024)
     Poverty: 0.1% (2023)
[69/211] French Polynesia (PF)
  ✅ 9 indicators found
     Population: 0.3M (2024)
     GDP/capita: $22774 (2023)
[70/211] Gabon (GA)
  ✅ 12 indicators found
     Population: 2.5M (2024)
     GDP/capita: $8219 (2024)
[71/211] Gambia, The (GM)
  ✅ 13 indicators found
     Population: 2.8M (2024)
     GDP/capita: $909 (2024)
     Poverty: 22.0% (2020)
[72/211] Georgia (GE)
  ✅ 13 indicators found
     Population: 3.7M (2024)
     GDP/capita: $9194 (2024)
     Poverty: 4.2% (2024)
[73/211] Germany (DE)
  ✅ 12 indicators found
     Population: 83.5M (2024)
     GDP/capita: $55800 (2024)
     Poverty: 0.2% (2020)
[74/211] Ghana (GH)
  ✅ 12 indicators found
     Population: 34.4M (2024)
     GDP/capita: $2406 (2024)
[75/211] Greece (GR)
  ✅ 12 indicators found
     Population: 10.4M (2024)
     GDP/capita: $24752 (2024)
     Poverty: 0.6% (2023)
[76/211] Greenland (GL)
  ✅ 6 indicators found
     Population: 0.1M (2024)
     GDP/capita: $58499 (2023)
[77/211] Grenada (GD)
  ✅ 9 indicators found
     Population: 0.1M (2024)
     GDP/capita: $11872 (2024)
[78/211] Guam (GU)
  ✅ 7 indicators found
     Population: 0.2M (2024)
     GDP/capita: $41833 (2022)
[79/211] Guatemala (GT)
  ✅ 13 indicators found
     Population: 18.4M (2024)
     GDP/capita: $6150 (2024)
     Poverty: 9.7% (2023)
[80/211] Guinea (GN)
  ✅ 11 indicators found
     Population: 14.8M (2024)
     GDP/capita: $1717 (2024)
[81/211] Guinea-Bissau (GW)
  ✅ 13 indicators found
     Population: 2.2M (2024)
     GDP/capita: $963 (2024)
     Poverty: 39.9% (2021)
[82/211] Guyana (GY)
  ✅ 12 indicators found
     Population: 0.8M (2024)
     GDP/capita: $29884 (2024)
[83/211] Haiti (HT)
  ✅ 11 indicators found
     Population: 11.8M (2024)
     GDP/capita: $2143 (2024)
[84/211] Honduras (HN)
  ✅ 13 indicators found
     Population: 10.8M (2024)
     GDP/capita: $3426 (2024)
     Poverty: 15.7% (2024)
[85/211] Hungary (HU)
  ✅ 11 indicators found
     Population: 9.6M (2024)
     GDP/capita: $23311 (2024)
[86/211] Iceland (IS)
  ✅ 11 indicators found
     Population: 0.4M (2024)
     GDP/capita: $82704 (2024)
[87/211] India (IN)
  ✅ 13 indicators found
     Population: 1450.9M (2024)
     GDP/capita: $2697 (2024)
     Poverty: 5.3% (2022)
[88/211] Indonesia (ID)
  ✅ 13 indicators found
     Population: 283.5M (2024)
     GDP/capita: $4925 (2024)
     Poverty: 5.4% (2024)
[89/211] Iran, Islamic Rep. (IR)
  ✅ 12 indicators found
     Population: 91.6M (2024)
     GDP/capita: $4771 (2024)
     Poverty: 2.5% (2023)
[90/211] Iraq (IQ)
  ✅ 13 indicators found
     Population: 46.0M (2024)
     GDP/capita: $6074 (2024)
     Poverty: 0.5% (2023)
[91/211] Ireland (IE)
  ✅ 12 indicators found
     Population: 5.4M (2024)
     GDP/capita: $107316 (2024)
     Poverty: 0.1% (2023)
[92/211] Isle of Man (IM)
  ✅ 7 indicators found
     Population: 0.1M (2024)
     GDP/capita: $88329 (2022)
[93/211] Italy (IT)
  ✅ 12 indicators found
     Population: 59.0M (2024)
     GDP/capita: $40226 (2024)
     Poverty: 0.9% (2023)
[94/211] Jamaica (JM)
  ✅ 12 indicators found
     Population: 2.8M (2024)
     GDP/capita: $7020 (2024)
     Poverty: 1.4% (2021)
[95/211] Japan (JP)
  ✅ 12 indicators found
     Population: 124.0M (2024)
     GDP/capita: $32476 (2024)
     Poverty: 1.2% (2020)
[96/211] Jordan (JO)
  ✅ 12 indicators found
     Population: 11.6M (2024)
     GDP/capita: $4618 (2024)
[97/211] Kazakhstan (KZ)
  ✅ 12 indicators found
     Population: 20.6M (2024)
     GDP/capita: $14005 (2024)
     Poverty: 0.0% (2021)
[98/211] Kenya (KE)
  ✅ 12 indicators found
     Population: 56.4M (2024)
     GDP/capita: $2206 (2024)
     Poverty: 46.9% (2022)
[99/211] Kiribati (KI)
  ✅ 11 indicators found
     Population: 0.1M (2024)
     GDP/capita: $2289 (2024)
[100/211] Korea, Dem. People's Rep. (KP)
  ✅ 7 indicators found
     Population: 26.5M (2024)
[101/211] Korea, Rep. (KR)
  ✅ 12 indicators found
     Population: 51.8M (2024)
     GDP/capita: $33121 (2023)
     Poverty: 0.2% (2021)
[102/211] Kosovo (XK)
  ✅ 9 indicators found
     Population: 1.5M (2024)
     GDP/capita: $7299 (2024)
     Poverty: 10.0% (2022)
[103/211] Kuwait (KW)
  ✅ 11 indicators found
     Population: 5.0M (2024)
     GDP/capita: $32214 (2024)
[104/211] Kyrgyz Republic (KG)
  ✅ 12 indicators found
     Population: 7.2M (2024)
     GDP/capita: $2419 (2024)
     Poverty: 2.7% (2023)
[105/211] Lao PDR (LA)
  ✅ 12 indicators found
     Population: 7.8M (2024)
     GDP/capita: $2124 (2024)
[106/211] Latvia (LV)
  ✅ 12 indicators found
     Population: 1.9M (2024)
     GDP/capita: $23368 (2024)
     Poverty: 0.4% (2023)
[107/211] Lebanon (LB)
  ✅ 12 indicators found
     Population: 5.8M (2024)
     GDP/capita: $3478 (2023)
     Poverty: 5.9% (2022)
[108/211] Lesotho (LS)
  ✅ 12 indicators found
     Population: 2.3M (2024)
     GDP/capita: $972 (2024)
[109/211] Liberia (LR)
  ✅ 11 indicators found
     Population: 5.6M (2024)
     GDP/capita: $846 (2024)
[110/211] Libya (LY)
  ✅ 11 indicators found
     Population: 7.4M (2024)
     GDP/capita: $6318 (2024)
[111/211] Liechtenstein (LI)
  ✅ 6 indicators found
     Population: 0.0M (2024)
     GDP/capita: $207974 (2023)
[112/211] Lithuania (LT)
  ✅ 12 indicators found
     Population: 2.9M (2024)
     GDP/capita: $29386 (2024)
     Poverty: 1.1% (2023)
[113/211] Luxembourg (LU)
  ✅ 12 indicators found
     Population: 0.7M (2024)
     GDP/capita: $137517 (2024)
     Poverty: 0.1% (2023)
[114/211] Madagascar (MG)
  ✅ 13 indicators found
     Population: 32.0M (2024)
     GDP/capita: $545 (2024)
     Poverty: 69.2% (2021)
[115/211] Malawi (MW)
  ✅ 12 indicators found
     Population: 21.7M (2024)
     GDP/capita: $508 (2024)
[116/211] Malaysia (MY)
  ✅ 13 indicators found
     Population: 35.6M (2024)
     GDP/capita: $11867 (2024)
     Poverty: 0.0% (2021)
[117/211] Maldives (MV)
  ✅ 11 indicators found
     Population: 0.5M (2024)
     GDP/capita: $13216 (2024)
[118/211] Mali (ML)
  ✅ 12 indicators found
     Population: 24.5M (2024)
     GDP/capita: $1086 (2024)
     Poverty: 36.1% (2021)
[119/211] Malta (MT)
  ✅ 12 indicators found
     Population: 0.6M (2024)
     GDP/capita: $42347 (2024)
     Poverty: 0.1% (2022)
[120/211] Marshall Islands (MH)
  ✅ 11 indicators found
     Population: 0.0M (2024)
     GDP/capita: $7467 (2024)
[121/211] Mauritania (MR)
  ✅ 12 indicators found
     Population: 5.2M (2024)
     GDP/capita: $2083 (2024)
[122/211] Mauritius (MU)
  ✅ 12 indicators found
     Population: 1.3M (2024)
     GDP/capita: $11872 (2024)
[123/211] Mexico (MX)
  ✅ 13 indicators found
     Population: 130.9M (2024)
     GDP/capita: $14158 (2024)
     Poverty: 2.3% (2022)
[124/211] Micronesia, Fed. Sts. (FM)
  ✅ 10 indicators found
     Population: 0.1M (2024)
     GDP/capita: $4166 (2024)
[125/211] Moldova (MD)
  ✅ 12 indicators found
     Population: 2.4M (2024)
     GDP/capita: $7618 (2024)
     Poverty: 0.1% (2023)
[126/211] Monaco (MC)
  ✅ 8 indicators found
     Population: 0.0M (2024)
     GDP/capita: $256581 (2023)
[127/211] Mongolia (MN)
  ✅ 13 indicators found
     Population: 3.5M (2024)
     GDP/capita: $6691 (2024)
     Poverty: 0.4% (2022)
[128/211] Montenegro (ME)
  ✅ 12 indicators found
     Population: 0.6M (2024)
     GDP/capita: $12935 (2024)
     Poverty: 2.5% (2021)
[129/211] Morocco (MA)
  ✅ 11 indicators found
     Population: 38.1M (2024)
     GDP/capita: $3993 (2024)
[130/211] Mozambique (MZ)
  ✅ 13 indicators found
     Population: 34.6M (2024)
     GDP/capita: $647 (2024)
     Poverty: 81.4% (2022)
[131/211] Myanmar (MM)
  ✅ 12 indicators found
     Population: 54.5M (2024)
     GDP/capita: $1359 (2024)
[132/211] Namibia (NA)
  ✅ 11 indicators found
     Population: 3.0M (2024)
     GDP/capita: $4413 (2024)
[133/211] Nauru (NR)
  ✅ 10 indicators found
     Population: 0.0M (2024)
     GDP/capita: $13422 (2024)
[134/211] Nepal (NP)
  ✅ 12 indicators found
     Population: 29.7M (2024)
     GDP/capita: $1447 (2024)
     Poverty: 2.4% (2022)
[135/211] Netherlands (NL)
  ✅ 12 indicators found
     Population: 18.0M (2024)
     GDP/capita: $68219 (2024)
     Poverty: 0.1% (2021)
[136/211] New Caledonia (NC)
  ✅ 9 indicators found
     Population: 0.3M (2024)
     GDP/capita: $33516 (2022)
[137/211] New Zealand (NZ)
  ✅ 11 indicators found
     Population: 5.3M (2024)
     GDP/capita: $48747 (2024)
[138/211] Nicaragua (NI)
  ✅ 11 indicators found
     Population: 6.9M (2024)
     GDP/capita: $2848 (2024)
[139/211] Niger (NE)
  ✅ 13 indicators found
     Population: 27.0M (2024)
     GDP/capita: $723 (2024)
     Poverty: 60.5% (2021)
[140/211] Nigeria (NG)
  ✅ 13 indicators found
     Population: 232.7M (2024)
     GDP/capita: $807 (2024)
     Poverty: 41.8% (2022)
[141/211] North Macedonia (MK)
  ✅ 11 indicators found
     Population: 1.8M (2024)
     GDP/capita: $9310 (2024)
[142/211] Northern Mariana Islands (MP)
  ✅ 6 indicators found
     Population: 0.0M (2024)
     GDP/capita: $23786 (2022)
[143/211] Norway (NO)
  ✅ 12 indicators found
     Population: 5.6M (2024)
     GDP/capita: $86810 (2024)
     Poverty: 0.2% (2023)
[144/211] Oman (OM)
  ✅ 12 indicators found
     Population: 5.3M (2024)
     GDP/capita: $20248 (2024)
[145/211] Pakistan (PK)
  ✅ 12 indicators found
     Population: 251.3M (2024)
     GDP/capita: $1485 (2024)
[146/211] Palau (PW)
  ✅ 11 indicators found
     Population: 0.0M (2024)
     GDP/capita: $15899 (2023)
[147/211] Panama (PA)
  ✅ 13 indicators found
     Population: 4.5M (2024)
     GDP/capita: $19103 (2024)
     Poverty: 3.1% (2024)
[148/211] Papua New Guinea (PG)
  ✅ 12 indicators found
     Population: 10.6M (2024)
     GDP/capita: $3076 (2024)
[149/211] Paraguay (PY)
  ✅ 13 indicators found
     Population: 6.9M (2024)
     GDP/capita: $6416 (2024)
     Poverty: 2.1% (2024)
[150/211] Peru (PE)
  ✅ 13 indicators found
     Population: 34.2M (2024)
     GDP/capita: $8452 (2024)
     Poverty: 5.1% (2024)
[151/211] Philippines (PH)
  ✅ 13 indicators found
     Population: 115.8M (2024)
     GDP/capita: $3985 (2024)
     Poverty: 5.3% (2023)
[152/211] Poland (PL)
  ✅ 12 indicators found
     Population: 36.6M (2024)
     GDP/capita: $25023 (2024)
     Poverty: 0.2% (2023)
[153/211] Portugal (PT)
  ✅ 12 indicators found
     Population: 10.7M (2024)
     GDP/capita: $28844 (2024)
     Poverty: 0.4% (2023)
[154/211] Puerto Rico (US) (PR)
  ✅ 9 indicators found
     Population: 3.2M (2024)
     GDP/capita: $39285 (2024)
[155/211] Qatar (QA)
  ✅ 11 indicators found
     Population: 2.9M (2024)
     GDP/capita: $76276 (2024)
[156/211] Romania (RO)
  ✅ 13 indicators found
     Population: 19.1M (2024)
     GDP/capita: $20072 (2024)
     Poverty: 0.7% (2023)
[157/211] Russian Federation (RU)
  ✅ 13 indicators found
     Population: 143.5M (2024)
     GDP/capita: $14889 (2024)
     Poverty: 0.1% (2023)
[158/211] Rwanda (RW)
  ✅ 13 indicators found
     Population: 14.3M (2024)
     GDP/capita: $1000 (2024)
     Poverty: 38.6% (2023)
[159/211] Samoa (WS)
  ✅ 11 indicators found
     Population: 0.2M (2024)
     GDP/capita: $4899 (2024)
[160/211] San Marino (SM)
  ✅ 11 indicators found
     Population: 0.0M (2024)
     GDP/capita: $54265 (2022)
[161/211] Sao Tome and Principe (ST)
  ✅ 11 indicators found
     Population: 0.2M (2024)
     GDP/capita: $3245 (2024)
[162/211] Saudi Arabia (SA)
  ✅ 12 indicators found
     Population: 35.3M (2024)
     GDP/capita: $35057 (2024)
[163/211] Senegal (SN)
  ✅ 13 indicators found
     Population: 18.5M (2024)
     GDP/capita: $1744 (2024)
     Poverty: 17.9% (2021)
[164/211] Serbia (RS)
  ✅ 13 indicators found
     Population: 6.6M (2024)
     GDP/capita: $13524 (2024)
     Poverty: 2.0% (2022)
[165/211] Seychelles (SC)
  ✅ 10 indicators found
     Population: 0.1M (2024)
     GDP/capita: $17859 (2024)
[166/211] Sierra Leone (SL)
  ✅ 11 indicators found
     Population: 8.6M (2024)
     GDP/capita: $873 (2024)
[167/211] Singapore (SG)
  ✅ 12 indicators found
     Population: 6.0M (2024)
     GDP/capita: $90674 (2024)
[168/211] Sint Maarten (Dutch part) (SX)
  ✅ 7 indicators found
     Population: 0.0M (2024)
     GDP/capita: $40028 (2024)
[169/211] Slovak Republic (SK)
  ✅ 12 indicators found
     Population: 5.4M (2024)
     GDP/capita: $26148 (2024)
     Poverty: 0.5% (2023)
[170/211] Slovenia (SI)
  ✅ 12 indicators found
     Population: 2.1M (2024)
     GDP/capita: $34089 (2024)
     Poverty: 0.0% (2023)
[171/211] Solomon Islands (SB)
  ✅ 11 indicators found
     Population: 0.8M (2024)
     GDP/capita: $2149 (2024)
[172/211] Somalia, Fed. Rep. (SO)
  ✅ 12 indicators found
     Population: 19.0M (2024)
     GDP/capita: $637 (2024)
[173/211] South Africa (ZA)
  ✅ 12 indicators found
     Population: 64.0M (2024)
     GDP/capita: $6253 (2024)
[174/211] South Sudan (SS)
  ✅ 7 indicators found
     Population: 11.9M (2024)
[175/211] Spain (ES)
  ✅ 13 indicators found
     Population: 48.8M (2024)
     GDP/capita: $35297 (2024)
     Poverty: 0.8% (2023)
[176/211] Sri Lanka (LK)
  ✅ 12 indicators found
     Population: 21.9M (2024)
     GDP/capita: $4516 (2024)
[177/211] St. Kitts and Nevis (KN)
  ✅ 9 indicators found
     Population: 0.0M (2024)
     GDP/capita: $22771 (2024)
[178/211] St. Lucia (LC)
  ✅ 11 indicators found
     Population: 0.2M (2024)
     GDP/capita: $14182 (2024)
[179/211] St. Martin (French part) (MF)
  ✅ 6 indicators found
     Population: 0.0M (2024)
     GDP/capita: $21668 (2021)
[180/211] St. Vincent and the Grenadines (VC)
  ✅ 10 indicators found
     Population: 0.1M (2024)
     GDP/capita: $11501 (2024)
[181/211] Sudan (SD)
  ✅ 11 indicators found
     Population: 50.4M (2024)
     GDP/capita: $989 (2024)
[182/211] Suriname (SR)
  ✅ 12 indicators found
     Population: 0.6M (2024)
     GDP/capita: $7431 (2024)
     Poverty: 2.2% (2022)
[183/211] Sweden (SE)
  ✅ 12 indicators found
     Population: 10.6M (2024)
     GDP/capita: $57723 (2024)
     Poverty: 0.8% (2023)
[184/211] Switzerland (CH)
  ✅ 12 indicators found
     Population: 9.0M (2024)
     GDP/capita: $103670 (2024)
     Poverty: 0.2% (2022)
[185/211] Syrian Arab Republic (SY)
  ✅ 13 indicators found
     Population: 24.7M (2024)
     GDP/capita: $847 (2023)
     Poverty: 16.5% (2022)
[186/211] Tajikistan (TJ)
  ✅ 12 indicators found
     Population: 10.6M (2024)
     GDP/capita: $1341 (2024)
     Poverty: 6.1% (2024)
[187/211] Tanzania (TZ)
  ✅ 12 indicators found
     Population: 68.6M (2024)
     GDP/capita: $1186 (2024)
[188/211] Thailand (TH)
  ✅ 13 indicators found
     Population: 71.7M (2024)
     GDP/capita: $7345 (2024)
     Poverty: 0.0% (2023)
[189/211] Timor-Leste (TL)
  ✅ 12 indicators found
     Population: 1.4M (2024)
     GDP/capita: $1343 (2024)
[190/211] Togo (TG)
  ✅ 13 indicators found
     Population: 9.5M (2024)
     GDP/capita: $1043 (2024)
     Poverty: 34.4% (2021)
[191/211] Tonga (TO)
  ✅ 12 indicators found
     Population: 0.1M (2024)
     GDP/capita: $4864 (2023)
     Poverty: 0.4% (2021)
[192/211] Trinidad and Tobago (TT)
  ✅ 11 indicators found
     Population: 1.4M (2024)
     GDP/capita: $19315 (2024)
[193/211] Tunisia (TN)
  ✅ 13 indicators found
     Population: 12.3M (2024)
     GDP/capita: $4350 (2024)
     Poverty: 0.7% (2021)
[194/211] Turkiye (TR)
  ✅ 13 indicators found
     Population: 85.5M (2024)
     GDP/capita: $15473 (2024)
     Poverty: 0.5% (2022)
[195/211] Turkmenistan (TM)
  ✅ 12 indicators found
     Population: 7.5M (2024)
     GDP/capita: $8572 (2024)
[196/211] Turks and Caicos Islands (TC)
  ✅ 10 indicators found
     Population: 0.0M (2024)
     GDP/capita: $37507 (2024)
[197/211] Tuvalu (TV)
  ✅ 11 indicators found
     Population: 0.0M (2024)
     GDP/capita: $6345 (2023)
[198/211] Uganda (UG)
  ✅ 12 indicators found
     Population: 50.0M (2024)
     GDP/capita: $1073 (2024)
[199/211] Ukraine (UA)
  ✅ 12 indicators found
     Population: 37.9M (2024)
     GDP/capita: $5389 (2024)
     Poverty: 0.0% (2020)
[200/211] United Arab Emirates (AE)
  ✅ 12 indicators found
     Population: 10.9M (2024)
     GDP/capita: $49378 (2024)
[201/211] United Kingdom (GB)
  ✅ 12 indicators found
     Population: 69.2M (2024)
     GDP/capita: $52637 (2024)
     Poverty: 0.5% (2021)
[202/211] United States (US)
  ✅ 12 indicators found
     Population: 340.1M (2024)
     GDP/capita: $85810 (2024)
     Poverty: 1.2% (2023)
[203/211] Uruguay (UY)
  ✅ 13 indicators found
     Population: 3.4M (2024)
     GDP/capita: $23907 (2024)
     Poverty: 0.2% (2024)
[204/211] Uzbekistan (UZ)
  ✅ 13 indicators found
     Population: 36.4M (2024)
     GDP/capita: $3162 (2024)
     Poverty: 2.7% (2024)
[205/211] Vanuatu (VU)
  ✅ 12 indicators found
     Population: 0.3M (2024)
     GDP/capita: $3543 (2024)
[206/211] Venezuela, RB (VE)
  ✅ 7 indicators found
     Population: 28.4M (2024)
[207/211] Viet Nam (VN)
  ✅ 13 indicators found
     Population: 101.0M (2024)
     GDP/capita: $4717 (2024)
     Poverty: 1.6% (2022)
[208/211] Virgin Islands (U.S.) (VI)
  ✅ 7 indicators found
     Population: 0.1M (2024)
     GDP/capita: $44321 (2022)
[209/211] Yemen, Rep. (YE)
  ✅ 7 indicators found
     Population: 40.6M (2024)
[210/211] Zambia (ZM)
  ✅ 13 indicators found
     Population: 21.3M (2024)
     GDP/capita: $1235 (2024)
     Poverty: 71.7% (2022)
[211/211] Zimbabwe (ZW)
  ✅ 11 indicators found
     Population: 16.6M (2024)
     GDP/capita: $2656 (2024)

======================================================================
📊 INDICATORS COLLECTION COMPLETE
======================================================================
Countries Processed: 211
Countries Updated: 211
Errors: 0
======================================================================

✅ Demographic data now in database!
   Each country has: population, GDP, GNI, poverty, health, education data
   All data from World Bank official Indicators API

